<?xml version="1.0" encoding="UTF-8"?>
<!-- Generated by org.testng.reporters.JUnitXMLReporter -->
<testsuite hostname="DDCL-LANDRY" name="testPersonalInfoPage" tests="7" failures="0" timestamp="8 Oct 2015 21:22:22 GMT" time="76.829" errors="0">
  <testcase name="testAccountSecurityButton" time="11.55" classname="scripts.TestPersonalInfoPage"/>
  <testcase name="testEditAccountButton" time="12.27" classname="scripts.TestPersonalInfoPage"/>
  <testcase name="testManageAccountButton" time="11.071" classname="scripts.TestPersonalInfoPage"/>
  <testcase name="testPersonalInfoButton" time="10.239" classname="scripts.TestPersonalInfoPage"/>
  <testcase name="testPreferencesButton" time="10.46" classname="scripts.TestPersonalInfoPage"/>
  <testcase name="testRecentActivityButton" time="10.52" classname="scripts.TestPersonalInfoPage"/>
  <testcase name="testSubscriptionsButton" time="10.712" classname="scripts.TestPersonalInfoPage"/>
</testsuite> <!-- testPersonalInfoPage -->
