<?xml version="1.0" encoding="UTF-8"?>
<testng-results skipped="0" failed="0" total="10" passed="10">
  <reporter-output>
  </reporter-output>
  <suite name="Suite1" duration-ms="139691" started-at="2015-10-08T21:20:43Z" finished-at="2015-10-08T21:23:03Z">
    <groups>
    </groups>
    <test name="testLoginPage" duration-ms="22015" started-at="2015-10-08T21:20:43Z" finished-at="2015-10-08T21:21:05Z">
      <class name="scripts.TestLoginPage">
        <test-method status="PASS" signature="testCorrectLogin()[pri:0, instance:scripts.TestLoginPage@7bfcd12c]" name="testCorrectLogin" duration-ms="11248" started-at="2015-10-08T16:20:43Z" finished-at="2015-10-08T16:20:54Z">
          <reporter-output>
          </reporter-output>
        </test-method> <!-- testCorrectLogin -->
        <test-method status="PASS" signature="testIncorrectLogin()[pri:0, instance:scripts.TestLoginPage@7bfcd12c]" name="testIncorrectLogin" duration-ms="10749" started-at="2015-10-08T16:20:54Z" finished-at="2015-10-08T16:21:05Z">
          <reporter-output>
          </reporter-output>
        </test-method> <!-- testIncorrectLogin -->
      </class> <!-- scripts.TestLoginPage -->
    </test> <!-- testLoginPage -->
    <test name="testPersonalInfoPage" duration-ms="76829" started-at="2015-10-08T21:21:05Z" finished-at="2015-10-08T21:22:22Z">
      <class name="scripts.TestPersonalInfoPage">
        <test-method status="PASS" signature="testAccountSecurityButton()[pri:0, instance:scripts.TestPersonalInfoPage@75412c2f]" name="testAccountSecurityButton" duration-ms="11550" started-at="2015-10-08T16:21:05Z" finished-at="2015-10-08T16:21:17Z">
          <reporter-output>
          </reporter-output>
        </test-method> <!-- testAccountSecurityButton -->
        <test-method status="PASS" signature="testEditAccountButton()[pri:0, instance:scripts.TestPersonalInfoPage@75412c2f]" name="testEditAccountButton" duration-ms="12270" started-at="2015-10-08T16:21:17Z" finished-at="2015-10-08T16:21:29Z">
          <reporter-output>
          </reporter-output>
        </test-method> <!-- testEditAccountButton -->
        <test-method status="PASS" signature="testManageAccountButton()[pri:0, instance:scripts.TestPersonalInfoPage@75412c2f]" name="testManageAccountButton" duration-ms="11071" started-at="2015-10-08T16:21:29Z" finished-at="2015-10-08T16:21:40Z">
          <reporter-output>
          </reporter-output>
        </test-method> <!-- testManageAccountButton -->
        <test-method status="PASS" signature="testPersonalInfoButton()[pri:0, instance:scripts.TestPersonalInfoPage@75412c2f]" name="testPersonalInfoButton" duration-ms="10239" started-at="2015-10-08T16:21:40Z" finished-at="2015-10-08T16:21:50Z">
          <reporter-output>
          </reporter-output>
        </test-method> <!-- testPersonalInfoButton -->
        <test-method status="PASS" signature="testPreferencesButton()[pri:0, instance:scripts.TestPersonalInfoPage@75412c2f]" name="testPreferencesButton" duration-ms="10460" started-at="2015-10-08T16:21:50Z" finished-at="2015-10-08T16:22:01Z">
          <reporter-output>
          </reporter-output>
        </test-method> <!-- testPreferencesButton -->
        <test-method status="PASS" signature="testRecentActivityButton()[pri:0, instance:scripts.TestPersonalInfoPage@75412c2f]" name="testRecentActivityButton" duration-ms="10520" started-at="2015-10-08T16:22:01Z" finished-at="2015-10-08T16:22:11Z">
          <reporter-output>
          </reporter-output>
        </test-method> <!-- testRecentActivityButton -->
        <test-method status="PASS" signature="testSubscriptionsButton()[pri:0, instance:scripts.TestPersonalInfoPage@75412c2f]" name="testSubscriptionsButton" duration-ms="10712" started-at="2015-10-08T16:22:11Z" finished-at="2015-10-08T16:22:22Z">
          <reporter-output>
          </reporter-output>
        </test-method> <!-- testSubscriptionsButton -->
      </class> <!-- scripts.TestPersonalInfoPage -->
    </test> <!-- testPersonalInfoPage -->
    <test name="testEditAccountPage" duration-ms="40801" started-at="2015-10-08T21:22:22Z" finished-at="2015-10-08T21:23:03Z">
      <class name="scripts.TestEditAccountPage">
        <test-method status="PASS" signature="testWorkAddressAccountPage()[pri:0, instance:scripts.TestEditAccountPage@21a06946]" name="testWorkAddressAccountPage" duration-ms="40798" started-at="2015-10-08T16:22:22Z" finished-at="2015-10-08T16:23:03Z">
          <reporter-output>
          </reporter-output>
        </test-method> <!-- testWorkAddressAccountPage -->
      </class> <!-- scripts.TestEditAccountPage -->
    </test> <!-- testEditAccountPage -->
  </suite> <!-- Suite1 -->
</testng-results>
