<?xml version="1.0" encoding="UTF-8"?>
<testng-results skipped="0" failed="0" total="1" passed="1">
  <reporter-output>
  </reporter-output>
  <suite name="Default suite" duration-ms="45424" started-at="2015-10-07T14:26:45Z" finished-at="2015-10-07T14:27:31Z">
    <groups>
    </groups>
    <test name="Default test" duration-ms="45424" started-at="2015-10-07T14:26:45Z" finished-at="2015-10-07T14:27:31Z">
      <class name="scripts.TestEditAccountPage">
        <test-method status="PASS" signature="testWorkAddressAccountPage()[pri:0, instance:scripts.TestEditAccountPage@7bfcd12c]" name="testWorkAddressAccountPage" duration-ms="45411" started-at="2015-10-07T09:26:45Z" finished-at="2015-10-07T09:27:31Z">
          <reporter-output>
          </reporter-output>
        </test-method> <!-- testWorkAddressAccountPage -->
      </class> <!-- scripts.TestEditAccountPage -->
    </test> <!-- Default test -->
  </suite> <!-- Default suite -->
</testng-results>
